<?xml version="1.0" encoding="UTF-8"?>
<coverage generated="1742025213023" clover="3.2.0">
  <project timestamp="1742025213023" name="All files">
    <metrics statements="19" coveredstatements="19" conditionals="4" coveredconditionals="4" methods="5" coveredmethods="5" elements="28" coveredelements="28" complexity="0" loc="19" ncloc="19" packages="1" files="1" classes="1"/>
    <file name="Login.jsx" path="C:\Users\ianwo\OneDrive\Documents\Sourcetree\Ctrl-Alt-Elite\packages\react-frontend\src\Login.jsx">
      <metrics statements="19" coveredstatements="19" conditionals="4" coveredconditionals="4" methods="5" coveredmethods="5"/>
      <line num="5" count="7" type="stmt"/>
      <line num="7" count="7" type="stmt"/>
      <line num="8" count="3" type="cond" truecount="2" falsecount="0"/>
      <line num="9" count="2" type="stmt"/>
      <line num="10" count="2" type="stmt"/>
      <line num="14" count="7" type="stmt"/>
      <line num="20" count="2" type="stmt"/>
      <line num="21" count="2" type="stmt"/>
      <line num="28" count="1" type="stmt"/>
      <line num="29" count="1" type="stmt"/>
      <line num="30" count="1" type="stmt"/>
      <line num="31" count="1" type="stmt"/>
      <line num="32" count="1" type="stmt"/>
      <line num="35" count="7" type="stmt"/>
      <line num="46" count="7" type="stmt"/>
      <line num="53" count="7" type="stmt"/>
      <line num="59" count="7" type="stmt"/>
      <line num="68" count="7" type="stmt"/>
      <line num="80" count="7" type="stmt"/>
    </file>
  </project>
</coverage>
