{"C:\\Users\\ianwo\\OneDrive\\Documents\\Sourcetree\\Ctrl-Alt-Elite\\packages\\react-frontend\\src\\Login.jsx": {"path":"C:\\Users\\ianwo\\OneDrive\\Documents\\Sourcetree\\Ctrl-Alt-Elite\\packages\\react-frontend\\src\\Login.jsx","statementMap":{"0":{"start":{"line":5,"column":19},"end":{"line":5,"column":32}},"1":{"start":{"line":7,"column":2},"end":{"line":12,"column":30}},"2":{"start":{"line":8,"column":4},"end":{"line":11,"column":5}},"3":{"start":{"line":9,"column":6},"end":{"line":9,"column":50}},"4":{"start":{"line":10,"column":6},"end":{"line":10,"column":28}},"5":{"start":{"line":14,"column":28},"end":{"line":17,"column":4}},"6":{"start":{"line":20,"column":28},"end":{"line":20,"column":40}},"7":{"start":{"line":21,"column":4},"end":{"line":24,"column":8}},"8":{"start":{"line":21,"column":29},"end":{"line":24,"column":5}},"9":{"start":{"line":28,"column":4},"end":{"line":28,"column":39}},"10":{"start":{"line":29,"column":4},"end":{"line":29,"column":55}},"11":{"start":{"line":31,"column":4},"end":{"line":31,"column":30}},"12":{"start":{"line":32,"column":4},"end":{"line":32,"column":40}},"13":{"start":{"line":35,"column":20},"end":{"line":44,"column":3}},"14":{"start":{"line":46,"column":25},"end":{"line":51,"column":3}},"15":{"start":{"line":53,"column":21},"end":{"line":57,"column":3}},"16":{"start":{"line":59,"column":21},"end":{"line":66,"column":3}},"17":{"start":{"line":68,"column":22},"end":{"line":78,"column":3}},"18":{"start":{"line":80,"column":2},"end":{"line":117,"column":4}}},"fnMap":{"0":{"name":"Login","decl":{"start":{"line":4,"column":9},"end":{"line":4,"column":14}},"loc":{"start":{"line":4,"column":22},"end":{"line":118,"column":1}},"line":4},"1":{"name":"(anonymous_1)","decl":{"start":{"line":7,"column":12},"end":{"line":7,"column":13}},"loc":{"start":{"line":7,"column":18},"end":{"line":12,"column":3}},"line":7},"2":{"name":"handleChange","decl":{"start":{"line":19,"column":11},"end":{"line":19,"column":23}},"loc":{"start":{"line":19,"column":31},"end":{"line":25,"column":3}},"line":19},"3":{"name":"(anonymous_3)","decl":{"start":{"line":21,"column":13},"end":{"line":21,"column":14}},"loc":{"start":{"line":21,"column":29},"end":{"line":24,"column":5}},"line":21},"4":{"name":"submitForm","decl":{"start":{"line":27,"column":11},"end":{"line":27,"column":21}},"loc":{"start":{"line":27,"column":24},"end":{"line":33,"column":3}},"line":27}},"branchMap":{"0":{"loc":{"start":{"line":8,"column":4},"end":{"line":11,"column":5}},"type":"if","locations":[{"start":{"line":8,"column":4},"end":{"line":11,"column":5}},{"start":{},"end":{}}],"line":8},"1":{"loc":{"start":{"line":112,"column":15},"end":{"line":112,"column":44}},"type":"binary-expr","locations":[{"start":{"line":112,"column":15},"end":{"line":112,"column":32}},{"start":{"line":112,"column":36},"end":{"line":112,"column":44}}],"line":112}},"s":{"0":7,"1":7,"2":3,"3":2,"4":2,"5":7,"6":2,"7":2,"8":2,"9":1,"10":1,"11":1,"12":1,"13":7,"14":7,"15":7,"16":7,"17":7,"18":7},"f":{"0":7,"1":3,"2":2,"3":2,"4":1},"b":{"0":[2,1],"1":[7,7]},"_coverageSchema":"1a1c01bbd47fc00a2c39e90264f33305004495a9","hash":"128972667f21729ab363e60fd0c3ae4da530e224"}
}
